# JRE version: Java(TM) SE Runtime Environment (8.0_181-b13) (build 1.8.0_181-b13)
# Java VM: Java HotSpot(TM) 64-Bit Server VM (25.181-b13 mixed mode linux-amd64 compressed oops)
Heap:
 PSYoungGen      total 29696K, used 19137K [0x00000000e1700000, 0x00000000e3c00000, 0x0000000100000000)
  eden space 22528K, 73% used [0x00000000e1700000,0x00000000e2744120,0x00000000e2d00000)
  from space 7168K, 34% used [0x00000000e2d80000,0x00000000e2fec2e8,0x00000000e3480000)
  to   space 7680K, 0% used [0x00000000e3480000,0x00000000e3480000,0x00000000e3c00000)
 ParOldGen       total 35328K, used 8012K [0x00000000a4400000, 0x00000000a6680000, 0x00000000e1700000)
  object space 35328K, 22% used [0x00000000a4400000,0x00000000a4bd3020,0x00000000a6680000)
 Metaspace       used 22316K, capacity 23407K, committed 23552K, reserved 1069056K
  class space    used 3045K, capacity 3288K, committed 3328K, reserved 1048576K
GC Heap History (10 events):
Event: 12.663 GC heap before
{Heap before GC invocations=4 (full 0):
 PSYoungGen      total 27648K, used 27632K [0x00000000e1700000, 0x00000000e3580000, 0x0000000100000000)
  eden space 24064K, 100% used [0x00000000e1700000,0x00000000e2e80000,0x00000000e2e80000)
  from space 3584K, 99% used [0x00000000e2e80000,0x00000000e31fc030,0x00000000e3200000)
  to   space 3584K, 0% used [0x00000000e3200000,0x00000000e3200000,0x00000000e3580000)
 ParOldGen       total 62976K, used 4201K [0x00000000a4400000, 0x00000000a8180000, 0x00000000e1700000)
  object space 62976K, 6% used [0x00000000a4400000,0x00000000a481a538,0x00000000a8180000)
 Metaspace       used 17616K, capacity 18260K, committed 18432K, reserved 1064960K
  class space    used 2335K, capacity 2494K, committed 2560K, reserved 1048576K
Event: 12.668 GC heap after
Heap after GC invocations=4 (full 0):
 PSYoungGen      total 27648K, used 3568K [0x00000000e1700000, 0x00000000e3580000, 0x0000000100000000)
  eden space 24064K, 0% used [0x00000000e1700000,0x00000000e1700000,0x00000000e2e80000)
  from space 3584K, 99% used [0x00000000e3200000,0x00000000e357c030,0x00000000e3580000)
  to   space 3584K, 0% used [0x00000000e2e80000,0x00000000e2e80000,0x00000000e3200000)
 ParOldGen       total 62976K, used 6229K [0x00000000a4400000, 0x00000000a8180000, 0x00000000e1700000)
  object space 62976K, 9% used [0x00000000a4400000,0x00000000a4a155e0,0x00000000a8180000)
 Metaspace       used 17616K, capacity 18260K, committed 18432K, reserved 1064960K
  class space    used 2335K, capacity 2494K, committed 2560K, reserved 1048576K
}
Event: 13.267 GC heap before
{Heap before GC invocations=5 (full 0):
 PSYoungGen      total 27648K, used 27632K [0x00000000e1700000, 0x00000000e3580000, 0x0000000100000000)
  eden space 24064K, 100% used [0x00000000e1700000,0x00000000e2e80000,0x00000000e2e80000)
  from space 3584K, 99% used [0x00000000e3200000,0x00000000e357c030,0x00000000e3580000)
  to   space 3584K, 0% used [0x00000000e2e80000,0x00000000e2e80000,0x00000000e3200000)
 ParOldGen       total 62976K, used 6229K [0x00000000a4400000, 0x00000000a8180000, 0x00000000e1700000)
  object space 62976K, 9% used [0x00000000a4400000,0x00000000a4a155e0,0x00000000a8180000)
 Metaspace       used 19149K, capacity 19952K, committed 20224K, reserved 1067008K
  class space    used 2560K, capacity 2768K, committed 2816K, reserved 1048576K
Event: 13.274 GC heap after
Heap after GC invocations=5 (full 0):
 PSYoungGen      total 27136K, used 3552K [0x00000000e1700000, 0x00000000e3c00000, 0x0000000100000000)
  eden space 23552K, 0% used [0x00000000e1700000,0x00000000e1700000,0x00000000e2e00000)
  from space 3584K, 99% used [0x00000000e2e80000,0x00000000e31f8020,0x00000000e3200000)
  to   space 7168K, 0% used [0x00000000e3500000,0x00000000e3500000,0x00000000e3c00000)
 ParOldGen       total 62976K, used 8532K [0x00000000a4400000, 0x00000000a8180000, 0x00000000e1700000)
  object space 62976K, 13% used [0x00000000a4400000,0x00000000a4c55318,0x00000000a8180000)
 Metaspace       used 19149K, capacity 19952K, committed 20224K, reserved 1067008K
  class space    used 2560K, capacity 2768K, committed 2816K, reserved 1048576K
}
Event: 14.429 GC heap before
{Heap before GC invocations=6 (full 0):
 PSYoungGen      total 27136K, used 14919K [0x00000000e1700000, 0x00000000e3c00000, 0x0000000100000000)
  eden space 23552K, 48% used [0x00000000e1700000,0x00000000e2219d68,0x00000000e2e00000)
  from space 3584K, 99% used [0x00000000e2e80000,0x00000000e31f8020,0x00000000e3200000)
  to   space 7168K, 0% used [0x00000000e3500000,0x00000000e3500000,0x00000000e3c00000)
 ParOldGen       total 62976K, used 8532K [0x00000000a4400000, 0x00000000a8180000, 0x00000000e1700000)
  object space 62976K, 13% used [0x00000000a4400000,0x00000000a4c55318,0x00000000a8180000)
 Metaspace       used 20362K, capacity 21277K, committed 21296K, reserved 1067008K
  class space    used 2742K, capacity 2944K, committed 2944K, reserved 1048576K
Event: 14.437 GC heap after
Heap after GC invocations=6 (full 0):
 PSYoungGen      total 29696K, used 4985K [0x00000000e1700000, 0x00000000e3b80000, 0x0000000100000000)
  eden space 23040K, 0% used [0x00000000e1700000,0x00000000e1700000,0x00000000e2d80000)
  from space 6656K, 74% used [0x00000000e3500000,0x00000000e39de570,0x00000000e3b80000)
  to   space 7168K, 0% used [0x00000000e2d80000,0x00000000e2d80000,0x00000000e3480000)
 ParOldGen       total 62976K, used 8540K [0x00000000a4400000, 0x00000000a8180000, 0x00000000e1700000)
  object space 62976K, 13% used [0x00000000a4400000,0x00000000a4c57318,0x00000000a8180000)
 Metaspace       used 20362K, capacity 21277K, committed 21296K, reserved 1067008K
  class space    used 2742K, capacity 2944K, committed 2944K, reserved 1048576K
}
Event: 14.437 GC heap before
{Heap before GC invocations=7 (full 1):
 PSYoungGen      total 29696K, used 4985K [0x00000000e1700000, 0x00000000e3b80000, 0x0000000100000000)
  eden space 23040K, 0% used [0x00000000e1700000,0x00000000e1700000,0x00000000e2d80000)
  from space 6656K, 74% used [0x00000000e3500000,0x00000000e39de570,0x00000000e3b80000)
  to   space 7168K, 0% used [0x00000000e2d80000,0x00000000e2d80000,0x00000000e3480000)
 ParOldGen       total 62976K, used 8540K [0x00000000a4400000, 0x00000000a8180000, 0x00000000e1700000)
  object space 62976K, 13% used [0x00000000a4400000,0x00000000a4c57318,0x00000000a8180000)
 Metaspace       used 20362K, capacity 21277K, committed 21296K, reserved 1067008K
  class space    used 2742K, capacity 2944K, committed 2944K, reserved 1048576K
Event: 14.468 GC heap after
Heap after GC invocations=7 (full 1):
 PSYoungGen      total 29696K, used 0K [0x00000000e1700000, 0x00000000e3b80000, 0x0000000100000000)
  eden space 23040K, 0% used [0x00000000e1700000,0x00000000e1700000,0x00000000e2d80000)
  from space 6656K, 0% used [0x00000000e3500000,0x00000000e3500000,0x00000000e3b80000)
  to   space 7168K, 0% used [0x00000000e2d80000,0x00000000e2d80000,0x00000000e3480000)
 ParOldGen       total 35328K, used 8004K [0x00000000a4400000, 0x00000000a6680000, 0x00000000e1700000)
  object space 35328K, 22% used [0x00000000a4400000,0x00000000a4bd1020,0x00000000a6680000)
 Metaspace       used 20362K, capacity 21277K, committed 21296K, reserved 1067008K
  class space    used 2742K, capacity 2944K, committed 2944K, reserved 1048576K
}
Event: 15.425 GC heap before
{Heap before GC invocations=8 (full 1):
 PSYoungGen      total 29696K, used 23040K [0x00000000e1700000, 0x00000000e3b80000, 0x0000000100000000)
  eden space 23040K, 100% used [0x00000000e1700000,0x00000000e2d80000,0x00000000e2d80000)
  from space 6656K, 0% used [0x00000000e3500000,0x00000000e3500000,0x00000000e3b80000)
  to   space 7168K, 0% used [0x00000000e2d80000,0x00000000e2d80000,0x00000000e3480000)
 ParOldGen       total 35328K, used 8004K [0x00000000a4400000, 0x00000000a6680000, 0x00000000e1700000)
  object space 35328K, 22% used [0x00000000a4400000,0x00000000a4bd1020,0x00000000a6680000)
 Metaspace       used 21683K, capacity 22615K, committed 22912K, reserved 1069056K
  class space    used 2924K, capacity 3130K, committed 3200K, reserved 1048576K
Event: 15.428 GC heap after
Heap after GC invocations=8 (full 1):
 PSYoungGen      total 29696K, used 2480K [0x00000000e1700000, 0x00000000e3c00000, 0x0000000100000000)
  eden space 22528K, 0% used [0x00000000e1700000,0x00000000e1700000,0x00000000e2d00000)
  from space 7168K, 34% used [0x00000000e2d80000,0x00000000e2fec2e8,0x00000000e3480000)
  to   space 7680K, 0% used [0x00000000e3480000,0x00000000e3480000,0x00000000e3c00000)
 ParOldGen       total 35328K, used 8012K [0x00000000a4400000, 0x00000000a6680000, 0x00000000e1700000)
  object space 35328K, 22% used [0x00000000a4400000,0x00000000a4bd3020,0x00000000a6680000)
 Metaspace       used 21683K, capacity 22615K, committed 22912K, reserved 1069056K
  class space    used 2924K, capacity 3130K, committed 3200K, reserved 1048576K
}

